0 11 false
0 10 false
0 9 false
0 8 false
0 7 false
0 6 false
0 5 false
0 4 false
0 3 false
0 2 false
0 8 false
0 7 false
0 6 false
0 5 false
0 4 false
0 3 false
0 2 false
0 3 false
0 2 false
0 2 false
0 5 false
0 4 false
0 3 false
0 2 false
0 5 false
0 4 false
0 3 false
0 2 false
0 5 false
0 4 false
0 3 false
0 2 false
0 5 false
0 4 false
0 3 false
0 2 false
0 2 false
0 6 false
0 5 false
0 4 false
0 3 false
0 2 false
0 6 false
0 5 false
0 4 false
0 3 false
0 2 false
0 6 false
0 5 false
0 4 false
0 3 false
0 2 false
0 6 false
0 5 false
0 4 false
0 3 false
0 2 false
0 12 false
0 11 false
0 10 false
0 9 false
0 8 false
0 7 false
0 6 false
0 5 false
0 4 false
0 3 false
0 2 false
0 5 false
0 4 false
0 3 false
0 2 false
0 5 false
0 4 false
0 3 false
0 2 false
0 5 false
0 4 false
0 3 false
0 2 false
0 5 false
0 4 false
0 3 false
0 2 false
0 4 false
0 3 false
0 2 false
0 6 false
0 5 false
0 4 false
0 3 false
0 2 false
0 4 false
0 3 false
0 2 false
0 4 false
0 3 false
0 2 false
0 4 false
0 3 false
0 2 false
0 4 false
0 3 false
1 2 true
2 3 true
1 2 true
